npm verb cli C:\Program Files\nodejs\node.exe C:\Program Files\nodejs\node_modules\npm\bin\npm-cli.js
npm info using npm@9.5.0
npm info using node@v18.14.2
npm verb title npm install
npm verb argv "install" "--legacy-peer-deps" "--loglevel" "verbose"
npm verb logfile logs-max:10 dir:C:\Users\Thiag\AppData\Local\npm-cache\_logs\2024-08-19T16_32_15_469Z-
npm verb logfile C:\Users\Thiag\AppData\Local\npm-cache\_logs\2024-08-19T16_32_15_469Z-debug-0.log
npm http fetch GET 200 https://registry.npmjs.org/@faker-js%2ffaker 301ms (cache revalidated)
npm http fetch GET 200 https://registry.npmjs.org/cypress-mochawesome-reporter 651ms (cache revalidated)
npm http fetch GET 200 https://registry.npmjs.org/browserstack-cypress-cli 250ms (cache revalidated)
npm http fetch GET 200 https://registry.npmjs.org/cypress 68ms (cache revalidated)
npm http fetch GET 200 https://registry.npmjs.org/cli-progress 223ms (cache revalidated)
npm http fetch GET 200 https://registry.npmjs.org/chalk 257ms (cache revalidated)
npm http fetch GET 200 https://registry.npmjs.org/mkdirp 276ms (cache revalidated)
npm http fetch GET 200 https://registry.npmjs.org/archiver 287ms (cache revalidated)
npm http fetch GET 200 https://registry.npmjs.org/node-ipc 281ms (cache revalidated)
npm http fetch GET 200 https://registry.npmjs.org/chalk 290ms (cache revalidated)
npm http fetch GET 200 https://registry.npmjs.org/async 292ms (cache revalidated)
npm http fetch GET 200 https://registry.npmjs.org/browserstack-local 295ms (cache revalidated)
npm http fetch GET 200 https://registry.npmjs.org/request 287ms (cache revalidated)
npm http fetch GET 200 https://registry.npmjs.org/git-repo-info 296ms (cache revalidated)
npm http fetch GET 200 https://registry.npmjs.org/gitconfiglocal 295ms (cache revalidated)
npm http fetch GET 200 https://registry.npmjs.org/fs-extra 301ms (cache revalidated)
npm http fetch GET 200 https://registry.npmjs.org/requestretry 296ms (cache revalidated)
npm http fetch GET 200 https://registry.npmjs.org/mocha 300ms (cache revalidated)
npm http fetch GET 200 https://registry.npmjs.org/yargs 314ms (cache revalidated)
npm http fetch GET 200 https://registry.npmjs.org/update-notifier 319ms (cache revalidated)
npm http fetch GET 200 https://registry.npmjs.org/dayjs 315ms (cache revalidated)
npm http fetch GET 200 https://registry.npmjs.org/debug 318ms (cache revalidated)
npm http fetch GET 200 https://registry.npmjs.org/winston 324ms (cache revalidated)
npm http fetch GET 200 https://registry.npmjs.org/tmp 323ms (cache revalidated)
npm http fetch GET 200 https://registry.npmjs.org/decompress 325ms (cache revalidated)
npm http fetch GET 200 https://registry.npmjs.org/yauzl 327ms (cache revalidated)
npm http fetch GET 200 https://registry.npmjs.org/getos 329ms (cache revalidated)
npm http fetch GET 200 https://registry.npmjs.org/is-ci 334ms (cache revalidated)
npm http fetch GET 200 https://registry.npmjs.org/arch 340ms (cache revalidated)
npm http fetch GET 200 https://registry.npmjs.org/buffer 336ms (cache revalidated)
npm http fetch GET 200 https://registry.npmjs.org/fs-extra 336ms (cache revalidated)
npm http fetch GET 200 https://registry.npmjs.org/listr2 347ms (cache revalidated)
npm http fetch GET 200 https://registry.npmjs.org/ospath 368ms (cache revalidated)
npm http fetch GET 200 https://registry.npmjs.org/execa 373ms (cache revalidated)
npm http fetch GET 200 https://registry.npmjs.org/figures 368ms (cache revalidated)
npm http fetch GET 200 https://registry.npmjs.org/windows-release 383ms (cache revalidated)
npm http fetch GET 200 https://registry.npmjs.org/process 373ms (cache revalidated)
npm http fetch GET 200 https://registry.npmjs.org/lodash 379ms (cache revalidated)
npm http fetch GET 200 https://registry.npmjs.org/bluebird 380ms (cache revalidated)
npm http fetch GET 200 https://registry.npmjs.org/cachedir 383ms (cache revalidated)
npm http fetch GET 200 https://registry.npmjs.org/commander 385ms (cache revalidated)
npm http fetch GET 200 https://registry.npmjs.org/semver 394ms (cache revalidated)
npm http fetch GET 200 https://registry.npmjs.org/minimist 391ms (cache revalidated)
npm http fetch GET 200 https://registry.npmjs.org/untildify 390ms (cache revalidated)
npm http fetch GET 200 https://registry.npmjs.org/executable 384ms (cache revalidated)
npm http fetch GET 200 https://registry.npmjs.org/enquirer 395ms (cache revalidated)
npm http fetch GET 200 https://registry.npmjs.org/blob-util 393ms (cache revalidated)
npm http fetch GET 200 https://registry.npmjs.org/cli-cursor 396ms (cache revalidated)
npm http fetch GET 200 https://registry.npmjs.org/extract-zip 404ms (cache revalidated)
npm http fetch GET 200 https://registry.npmjs.org/glob 438ms (cache revalidated)
npm http fetch GET 200 https://registry.npmjs.org/lazy-ass 426ms (cache revalidated)
npm http fetch GET 200 https://registry.npmjs.org/@types%2fsizzle 418ms (cache revalidated)
npm http fetch GET 200 https://registry.npmjs.org/commander 415ms (cache revalidated)
npm http fetch GET 200 https://registry.npmjs.org/proxy-from-env 424ms (cache revalidated)
npm http fetch GET 200 https://registry.npmjs.org/eventemitter2 424ms (cache revalidated)
npm http fetch GET 200 https://registry.npmjs.org/uuid 457ms (cache revalidated)
npm http fetch GET 200 https://registry.npmjs.org/check-more-types 425ms (cache revalidated)
npm http fetch GET 200 https://registry.npmjs.org/table 461ms (cache revalidated)
npm http fetch GET 200 https://registry.npmjs.org/pretty-bytes 433ms (cache revalidated)
npm http fetch GET 200 https://registry.npmjs.org/@types%2fsinonjs__fake-timers 429ms (cache revalidated)
npm http fetch GET 200 https://registry.npmjs.org/supports-color 431ms (cache revalidated)
npm http fetch GET 200 https://registry.npmjs.org/fs-extra 430ms (cache revalidated)
npm http fetch GET 200 https://registry.npmjs.org/mochawesome 437ms (cache revalidated)
npm http fetch GET 200 https://registry.npmjs.org/log-symbols 445ms (cache revalidated)
npm http fetch GET 200 https://registry.npmjs.org/getmac 481ms (cache revalidated)
npm http fetch GET 200 https://registry.npmjs.org/is-installed-globally 443ms (cache revalidated)
npm http fetch GET 200 https://registry.npmjs.org/cli-table3 463ms (cache revalidated)
npm http fetch GET 200 https://registry.npmjs.org/mochawesome-merge 448ms (cache revalidated)
npm http fetch GET 200 https://registry.npmjs.org/mochawesome-report-generator 450ms (cache revalidated)
npm http fetch GET 200 https://registry.npmjs.org/@cypress%2frequest 459ms (cache revalidated)
npm http fetch GET 200 https://registry.npmjs.org/common-tags 476ms (cache revalidated)
npm http fetch GET 200 https://registry.npmjs.org/git-last-commit 850ms (cache revalidated)
npm http fetch GET 200 https://registry.npmjs.org/@cypress%2fxvfb 1008ms (cache revalidated)
npm http fetch GET 200 https://registry.npmjs.org/request-progress 1032ms (cache revalidated)
npm http fetch GET 200 https://registry.npmjs.org/ps-tree 322ms (cache revalidated)
npm http fetch GET 200 https://registry.npmjs.org/tar-stream 326ms (cache revalidated)
npm http fetch GET 200 https://registry.npmjs.org/is-running 325ms (cache revalidated)
npm http fetch GET 200 https://registry.npmjs.org/readdir-glob 329ms (cache revalidated)
npm http fetch GET 200 https://registry.npmjs.org/zip-stream 328ms (cache revalidated)
npm http fetch GET 200 https://registry.npmjs.org/make-dir 317ms (cache revalidated)
npm http fetch GET 200 https://registry.npmjs.org/agent-base 329ms (cache revalidated)
npm http fetch GET 200 https://registry.npmjs.org/archiver-utils 337ms (cache revalidated)
npm http fetch GET 200 https://registry.npmjs.org/temp-fs 330ms (cache revalidated)
npm http fetch GET 200 https://registry.npmjs.org/readable-stream 336ms (cache revalidated)
npm http fetch GET 200 https://registry.npmjs.org/decompress-tar 326ms (cache revalidated)
npm http fetch GET 200 https://registry.npmjs.org/buffer-crc32 339ms (cache revalidated)
npm http fetch GET 200 https://registry.npmjs.org/ansi-styles 330ms (cache revalidated)
npm http fetch GET 200 https://registry.npmjs.org/https-proxy-agent 337ms (cache revalidated)
npm http fetch GET 200 https://registry.npmjs.org/graceful-fs 325ms (cache revalidated)
npm http fetch GET 200 https://registry.npmjs.org/graceful-fs 341ms (cache revalidated)
npm http fetch GET 200 https://registry.npmjs.org/pify 342ms (cache revalidated)
npm http fetch GET 200 https://registry.npmjs.org/inflight 339ms (cache revalidated)
npm http fetch GET 200 https://registry.npmjs.org/once 343ms (cache revalidated)
npm http fetch GET 200 https://registry.npmjs.org/path-is-absolute 341ms (cache revalidated)
npm http fetch GET 200 https://registry.npmjs.org/jsonfile 348ms (cache revalidated)
npm http fetch GET 200 https://registry.npmjs.org/minimatch 351ms (cache revalidated)
npm http fetch GET 200 https://registry.npmjs.org/@types%2fnode 371ms (cache revalidated)
npm http fetch GET 200 https://registry.npmjs.org/fs.realpath 414ms (cache revalidated)
npm http fetch GET 200 https://registry.npmjs.org/ini 417ms (cache revalidated)
npm http fetch GET 200 https://registry.npmjs.org/decompress-unzip 423ms (cache revalidated)
npm http fetch GET 200 https://registry.npmjs.org/decompress-tarbz2 429ms (cache revalidated)
npm http fetch GET 200 https://registry.npmjs.org/strip-dirs 424ms (cache revalidated)
npm http fetch GET 200 https://registry.npmjs.org/universalify 423ms (cache revalidated)
npm http fetch GET 200 https://registry.npmjs.org/decompress-targz 430ms (cache revalidated)
npm http fetch GET 200 https://registry.npmjs.org/string-width 442ms (cache revalidated)
npm http fetch GET 200 https://registry.npmjs.org/inherits 434ms (cache revalidated)
npm http fetch GET 200 https://registry.npmjs.org/browser-stdout 433ms (cache revalidated)
npm http fetch GET 200 https://registry.npmjs.org/js-queue 421ms (cache revalidated)
npm http fetch GET 200 https://registry.npmjs.org/minimatch 430ms (cache revalidated)
npm http fetch GET 200 https://registry.npmjs.org/find-up 433ms (cache revalidated)
npm http fetch GET 200 https://registry.npmjs.org/strip-json-comments 429ms (cache revalidated)
npm http fetch GET 200 https://registry.npmjs.org/workerpool 429ms (cache revalidated)
npm http fetch GET 200 https://registry.npmjs.org/diff 439ms (cache revalidated)
npm http fetch GET 200 https://registry.npmjs.org/yargs-parser 432ms (cache revalidated)
npm http fetch GET 200 https://registry.npmjs.org/he 442ms (cache revalidated)
npm http fetch GET 200 https://registry.npmjs.org/serialize-javascript 440ms (cache revalidated)
npm http fetch GET 200 https://registry.npmjs.org/js-yaml 443ms (cache revalidated)
npm http fetch GET 200 https://registry.npmjs.org/yargs-unparser 437ms (cache revalidated)
npm http fetch GET 200 https://registry.npmjs.org/chokidar 448ms (cache revalidated)
npm http fetch GET 200 https://registry.npmjs.org/ms 445ms (cache revalidated)
npm http fetch GET 200 https://registry.npmjs.org/js-message 466ms (cache revalidated)
npm http fetch GET 200 https://registry.npmjs.org/extend 463ms (cache revalidated)
npm http fetch GET 200 https://registry.npmjs.org/extend 447ms (cache revalidated)
npm http fetch GET 200 https://registry.npmjs.org/caseless 464ms (cache revalidated)
npm http fetch GET 200 https://registry.npmjs.org/escape-string-regexp 479ms (cache revalidated)
npm http fetch GET 200 https://registry.npmjs.org/qs 466ms (cache revalidated)
npm http fetch GET 200 https://registry.npmjs.org/form-data 457ms (cache revalidated)
npm http fetch GET 200 https://registry.npmjs.org/oauth-sign 456ms (cache revalidated)
npm http fetch GET 200 https://registry.npmjs.org/tough-cookie 456ms (cache revalidated)
npm http fetch GET 200 https://registry.npmjs.org/isstream 463ms (cache revalidated)
npm http fetch GET 200 https://registry.npmjs.org/mime-types 460ms (cache revalidated)
npm http fetch GET 200 https://registry.npmjs.org/forever-agent 458ms (cache revalidated)
npm http fetch GET 200 https://registry.npmjs.org/aws4 473ms (cache revalidated)
npm http fetch GET 200 https://registry.npmjs.org/aws-sign2 464ms (cache revalidated)
npm http fetch GET 200 https://registry.npmjs.org/string-width 480ms (cache revalidated)
npm http fetch GET 200 https://registry.npmjs.org/har-validator 487ms (cache revalidated)
npm http fetch GET 200 https://registry.npmjs.org/pupa 483ms (cache revalidated)
npm http fetch GET 200 https://registry.npmjs.org/is-typedarray 496ms (cache revalidated)
npm http fetch GET 200 https://registry.npmjs.org/tunnel-agent 499ms (cache revalidated)
npm http fetch GET 200 https://registry.npmjs.org/import-lazy 486ms (cache revalidated)
npm http fetch GET 200 https://registry.npmjs.org/json-stringify-safe 496ms (cache revalidated)
npm http fetch GET 200 https://registry.npmjs.org/http-signature 498ms (cache revalidated)
npm http fetch GET 200 https://registry.npmjs.org/ajv 497ms (cache revalidated)
npm http fetch GET 200 https://registry.npmjs.org/slice-ansi 501ms (cache revalidated)
npm http fetch GET 200 https://registry.npmjs.org/is-npm 499ms (cache revalidated)
npm http fetch GET 200 https://registry.npmjs.org/combined-stream 505ms (cache revalidated)
npm http fetch GET 200 https://registry.npmjs.org/performance-now 506ms (cache revalidated)
npm http fetch GET 200 https://registry.npmjs.org/boxen 502ms (cache revalidated)
npm http fetch GET 200 https://registry.npmjs.org/latest-version 496ms (cache revalidated)
npm http fetch GET 200 https://registry.npmjs.org/xdg-basedir 498ms (cache revalidated)
npm http fetch GET 200 https://registry.npmjs.org/semver-diff 507ms (cache revalidated)
npm http fetch GET 200 https://registry.npmjs.org/eyes 509ms (cache revalidated)
npm http fetch GET 200 https://registry.npmjs.org/isstream 508ms (cache revalidated)
npm http fetch GET 200 https://registry.npmjs.org/safe-buffer 532ms (cache revalidated)
npm http fetch GET 200 https://registry.npmjs.org/colors 510ms (cache revalidated)
npm http fetch GET 200 https://registry.npmjs.org/ansi-colors 561ms (cache revalidated)
npm http fetch GET 200 https://registry.npmjs.org/yargs-parser 508ms (cache revalidated)
npm http fetch GET 200 https://registry.npmjs.org/configstore 524ms (cache revalidated)
npm http fetch GET 200 https://registry.npmjs.org/decamelize 513ms (cache revalidated)
npm http fetch GET 200 https://registry.npmjs.org/find-up 528ms (cache revalidated)
npm http fetch GET 200 https://registry.npmjs.org/cliui 530ms (cache revalidated)
npm http fetch GET 200 https://registry.npmjs.org/get-caller-file 528ms (cache revalidated)
npm http fetch GET 200 https://registry.npmjs.org/require-main-filename 532ms (cache revalidated)
npm http fetch GET 200 https://registry.npmjs.org/stack-trace 539ms (cache revalidated)
npm http fetch GET 200 https://registry.npmjs.org/set-blocking 536ms (cache revalidated)
npm http fetch GET 200 https://registry.npmjs.org/require-directory 535ms (cache revalidated)
npm http fetch GET 200 https://registry.npmjs.org/which-module 540ms (cache revalidated)
npm http fetch GET 200 https://registry.npmjs.org/y18n 543ms (cache revalidated)
npm http fetch GET 200 https://registry.npmjs.org/cycle 702ms (cache revalidated)
npm http fetch GET 200 https://registry.npmjs.org/event-pubsub 1045ms (cache revalidated)
npm http fetch GET 200 https://registry.npmjs.org/is-in-ci 1101ms (cache revalidated)
npm http fetch GET 200 https://registry.npmjs.org/lazystream 66ms (cache revalidated)
npm http fetch GET 200 https://registry.npmjs.org/string_decoder 67ms (cache revalidated)
npm http fetch GET 200 https://registry.npmjs.org/lodash.difference 74ms (cache revalidated)
npm http fetch GET 200 https://registry.npmjs.org/end-of-stream 68ms (cache revalidated)
npm http fetch GET 200 https://registry.npmjs.org/util-deprecate 73ms (cache revalidated)
npm http fetch GET 200 https://registry.npmjs.org/fs-constants 71ms (cache revalidated)
npm http fetch GET 200 https://registry.npmjs.org/lodash.isplainobject 81ms (cache revalidated)
npm http fetch GET 200 https://registry.npmjs.org/compress-commons 71ms (cache revalidated)
npm http fetch GET 200 https://registry.npmjs.org/lodash.union 78ms (cache revalidated)
npm http fetch GET 200 https://registry.npmjs.org/bl 78ms (cache revalidated)
npm http fetch GET 200 https://registry.npmjs.org/lodash.flatten 87ms (cache revalidated)
npm http fetch GET 200 https://registry.npmjs.org/normalize-path 91ms (cache revalidated)
npm http fetch GET 200 https://registry.npmjs.org/lodash.defaults 688ms (cache revalidated)
npm http fetch GET 200 https://registry.npmjs.org/isarray 55ms (cache revalidated)
npm http fetch GET 200 https://registry.npmjs.org/core-util-is 61ms (cache revalidated)
npm http fetch GET 200 https://registry.npmjs.org/process-nextick-args 60ms (cache revalidated)
npm http fetch GET 200 https://registry.npmjs.org/event-stream 50ms (cache revalidated)
npm http fetch GET 200 https://registry.npmjs.org/rimraf 61ms (cache revalidated)
npm http fetch GET 200 https://registry.npmjs.org/has-flag 41ms (cache revalidated)
npm http fetch GET 200 https://registry.npmjs.org/color-convert 45ms (cache revalidated)
npm http fetch GET 200 https://registry.npmjs.org/color-name 43ms (cache revalidated)
npm http fetch GET 200 https://registry.npmjs.org/is-fullwidth-code-point 53ms (cache revalidated)
npm http fetch GET 200 https://registry.npmjs.org/emoji-regex 58ms (cache revalidated)
npm http fetch GET 200 https://registry.npmjs.org/strip-ansi 76ms (cache revalidated)
npm http fetch GET 200 https://registry.npmjs.org/base64-js 99ms (cache revalidated)
npm http fetch GET 200 https://registry.npmjs.org/human-signals 101ms (cache revalidated)
npm http fetch GET 200 https://registry.npmjs.org/ieee754 110ms (cache revalidated)
npm http fetch GET 200 https://registry.npmjs.org/cross-spawn 103ms (cache revalidated)
npm http fetch GET 200 https://registry.npmjs.org/onetime 105ms (cache revalidated)
npm http fetch GET 200 https://registry.npmjs.org/merge-stream 108ms (cache revalidated)
npm http fetch GET 200 https://registry.npmjs.org/is-stream 110ms (cache revalidated)
npm http fetch GET 200 https://registry.npmjs.org/signal-exit 110ms (cache revalidated)
npm http fetch GET 200 https://registry.npmjs.org/lodash.once 119ms (cache revalidated)
npm http fetch GET 200 https://registry.npmjs.org/is-path-inside 106ms (cache revalidated)
npm http fetch GET 200 https://registry.npmjs.org/get-stream 115ms (cache revalidated)
npm http fetch GET 200 https://registry.npmjs.org/get-stream 112ms (cache revalidated)
npm http fetch GET 200 https://registry.npmjs.org/@colors%2fcolors 122ms (cache revalidated)
npm http fetch GET 200 https://registry.npmjs.org/restore-cursor 126ms (cache revalidated)
npm http fetch GET 200 https://registry.npmjs.org/@types%2fyauzl 124ms (cache revalidated)
npm http fetch GET 200 https://registry.npmjs.org/rfdc 124ms (cache revalidated)
npm http fetch GET 200 https://registry.npmjs.org/global-dirs 126ms (cache revalidated)
npm http fetch GET 200 https://registry.npmjs.org/strip-final-newline 134ms (cache revalidated)
npm http fetch GET 200 https://registry.npmjs.org/ci-info 134ms (cache revalidated)
npm http fetch GET 200 https://registry.npmjs.org/rxjs 133ms (cache revalidated)
npm http fetch GET 200 https://registry.npmjs.org/at-least-node 146ms (cache revalidated)
npm http fetch GET 200 https://registry.npmjs.org/cli-truncate 143ms (cache revalidated)
npm http fetch GET 200 https://registry.npmjs.org/wrap-ansi 145ms (cache revalidated)
npm http fetch GET 200 https://registry.npmjs.org/p-map 147ms (cache revalidated)
npm http fetch GET 200 https://registry.npmjs.org/colorette 147ms (cache revalidated)
npm http fetch GET 200 https://registry.npmjs.org/log-update 147ms (cache revalidated)
npm http fetch GET 200 https://registry.npmjs.org/is-unicode-supported 148ms (cache revalidated)
npm http fetch GET 200 https://registry.npmjs.org/npm-run-path 160ms (cache revalidated)
npm http fetch GET 200 https://registry.npmjs.org/through 156ms (cache revalidated)
npm http fetch GET 200 https://registry.npmjs.org/throttleit 159ms (cache revalidated)
npm http fetch GET 200 https://registry.npmjs.org/fd-slicer 755ms (cache revalidated)
npm http fetch GET 200 https://registry.npmjs.org/asynckit 52ms (cache revalidated)
npm http fetch GET 200 https://registry.npmjs.org/delayed-stream 56ms (cache revalidated)
npm http fetch GET 200 https://registry.npmjs.org/side-channel 55ms (cache revalidated)
npm http fetch GET 200 https://registry.npmjs.org/punycode 55ms (cache revalidated)
npm http fetch GET 200 https://registry.npmjs.org/mime-db 60ms (cache revalidated)
npm http fetch GET 200 https://registry.npmjs.org/jsprim 65ms (cache revalidated)
npm http fetch GET 200 https://registry.npmjs.org/url-parse 64ms (cache revalidated)
npm http fetch GET 200 https://registry.npmjs.org/sshpk 68ms (cache revalidated)
npm http fetch GET 200 https://registry.npmjs.org/psl 97ms (cache revalidated)
npm http fetch GET 200 https://registry.npmjs.org/assert-plus 640ms (cache revalidated)
npm http fetch GET 200 https://registry.npmjs.org/lodash.isobject 66ms (cache revalidated)
npm http fetch GET 200 https://registry.npmjs.org/fsu 64ms (cache revalidated)
npm http fetch GET 200 https://registry.npmjs.org/lodash.isfunction 68ms (cache revalidated)
npm http fetch GET 200 https://registry.npmjs.org/lodash.isstring 68ms (cache revalidated)
npm http fetch GET 200 https://registry.npmjs.org/tcomb 68ms (cache revalidated)
npm http fetch GET 200 https://registry.npmjs.org/dateformat 72ms (cache revalidated)
npm http fetch GET 200 https://registry.npmjs.org/validator 70ms (cache revalidated)
npm http fetch GET 200 https://registry.npmjs.org/lodash.isempty 81ms (cache revalidated)
npm http fetch GET 200 https://registry.npmjs.org/prop-types 78ms (cache revalidated)
npm http fetch GET 200 https://registry.npmjs.org/opener 80ms (cache revalidated)
npm http fetch GET 200 https://registry.npmjs.org/escape-html 84ms (cache revalidated)
npm http fetch GET 200 https://registry.npmjs.org/tcomb-validation 81ms (cache revalidated)
npm http fetch GET 200 https://registry.npmjs.org/unbzip2-stream 54ms (cache revalidated)
npm http fetch GET 200 https://registry.npmjs.org/is-natural-number 53ms (cache revalidated)
npm http fetch GET 200 https://registry.npmjs.org/file-type 62ms (cache revalidated)
npm http fetch GET 200 https://registry.npmjs.org/seek-bzip 62ms (cache revalidated)
npm http fetch GET 200 https://registry.npmjs.org/file-type 64ms (cache revalidated)
npm http fetch GET 200 https://registry.npmjs.org/file-type 80ms (cache revalidated)
npm http fetch GET 200 https://registry.npmjs.org/buffer-alloc 50ms (cache revalidated)
npm http fetch GET 200 https://registry.npmjs.org/to-buffer 72ms (cache revalidated)
npm http fetch GET 200 https://registry.npmjs.org/xtend 74ms (cache revalidated)
npm http fetch GET 200 https://registry.npmjs.org/object-assign 59ms (cache revalidated)
npm http fetch GET 200 https://registry.npmjs.org/pinkie-promise 59ms (cache revalidated)
npm http fetch GET 200 https://registry.npmjs.org/ansi-regex 56ms (cache revalidated)
npm http fetch GET 200 https://registry.npmjs.org/path-key 50ms (cache revalidated)
npm http fetch GET 200 https://registry.npmjs.org/mimic-fn 49ms (cache revalidated)
npm http fetch GET 200 https://registry.npmjs.org/path-key 51ms (cache revalidated)
npm http fetch GET 200 https://registry.npmjs.org/shebang-command 53ms (cache revalidated)
npm http fetch GET 200 https://registry.npmjs.org/which 58ms (cache revalidated)
npm http fetch GET 200 https://registry.npmjs.org/pump 63ms (cache revalidated)
npm http fetch GET 200 https://registry.npmjs.org/isexe 53ms (cache revalidated)
npm http fetch GET 200 https://registry.npmjs.org/shebang-regex 66ms (cache revalidated)
npm http fetch GET 200 https://registry.npmjs.org/undici-types 58ms (cache revalidated)
npm http fetch GET 200 https://registry.npmjs.org/pinkie 69ms (cache revalidated)
npm http fetch GET 200 https://registry.npmjs.org/wrappy 51ms (cache revalidated)
npm http fetch GET 200 https://registry.npmjs.org/brace-expansion 51ms (cache revalidated)
npm http fetch GET 200 https://registry.npmjs.org/ecc-jsbn 48ms (cache revalidated)
npm http fetch GET 200 https://registry.npmjs.org/asn1 61ms (cache revalidated)
npm http fetch GET 200 https://registry.npmjs.org/verror 62ms (cache revalidated)
npm http fetch GET 200 https://registry.npmjs.org/json-schema 65ms (cache revalidated)
npm http fetch GET 200 https://registry.npmjs.org/jsbn 64ms (cache revalidated)
npm http fetch GET 200 https://registry.npmjs.org/tweetnacl 63ms (cache revalidated)
npm http fetch GET 200 https://registry.npmjs.org/dashdash 69ms (cache revalidated)
npm http fetch GET 200 https://registry.npmjs.org/getpass 69ms (cache revalidated)
npm http fetch GET 200 https://registry.npmjs.org/safer-buffer 78ms (cache revalidated)
npm http fetch GET 200 https://registry.npmjs.org/bcrypt-pbkdf 74ms (cache revalidated)
npm http fetch GET 200 https://registry.npmjs.org/extsprintf 83ms (cache revalidated)
npm http fetch GET 200 https://registry.npmjs.org/aggregate-error 53ms (cache revalidated)
npm http fetch GET 200 https://registry.npmjs.org/ansi-escapes 55ms (cache revalidated)
npm http fetch GET 200 https://registry.npmjs.org/tslib 61ms (cache revalidated)
npm http fetch GET 200 https://registry.npmjs.org/astral-regex 59ms (cache revalidated)
npm http fetch GET 200 https://registry.npmjs.org/type-fest 63ms (cache revalidated)
npm http fetch GET 200 https://registry.npmjs.org/concat-map 44ms (cache revalidated)
npm http fetch GET 200 https://registry.npmjs.org/balanced-match 49ms (cache revalidated)
npm http fetch GET 200 https://registry.npmjs.org/braces 67ms (cache revalidated)
npm http fetch GET 200 https://registry.npmjs.org/readdirp 69ms (cache revalidated)
npm http fetch GET 200 https://registry.npmjs.org/flat 73ms (cache revalidated)
npm http fetch GET 200 https://registry.npmjs.org/locate-path 76ms (cache revalidated)
npm http fetch GET 200 https://registry.npmjs.org/is-glob 79ms (cache revalidated)
npm http fetch GET 200 https://registry.npmjs.org/is-binary-path 82ms (cache revalidated)
npm http fetch GET 200 https://registry.npmjs.org/randombytes 80ms (cache revalidated)
npm http fetch GET 200 https://registry.npmjs.org/glob-parent 85ms (cache revalidated)
npm http fetch GET 200 https://registry.npmjs.org/path-exists 84ms (cache revalidated)
npm http fetch GET 200 https://registry.npmjs.org/anymatch 91ms (cache revalidated)
npm http fetch GET 200 https://registry.npmjs.org/camelcase 86ms (cache revalidated)
npm http fetch GET 200 https://registry.npmjs.org/fsevents 89ms (cache revalidated)
npm http fetch GET 200 https://registry.npmjs.org/is-plain-obj 86ms (cache revalidated)
npm http fetch GET 200 https://registry.npmjs.org/escalade 88ms (cache revalidated)
npm http fetch GET 200 https://registry.npmjs.org/argparse 90ms (cache revalidated)
npm http fetch GET 200 https://registry.npmjs.org/fill-range 47ms (cache revalidated)
npm http fetch GET 200 https://registry.npmjs.org/binary-extensions 47ms (cache revalidated)
npm http fetch GET 200 https://registry.npmjs.org/is-extglob 54ms (cache revalidated)
npm http fetch GET 200 https://registry.npmjs.org/picomatch 57ms (cache revalidated)
npm http fetch GET 200 https://registry.npmjs.org/picomatch 56ms (cache revalidated)
npm http fetch GET 200 https://registry.npmjs.org/to-regex-range 50ms (cache revalidated)
npm http fetch GET 200 https://registry.npmjs.org/is-number 49ms (cache revalidated)
npm http fetch GET 200 https://registry.npmjs.org/p-locate 53ms (cache revalidated)
npm http fetch GET 200 https://registry.npmjs.org/p-limit 67ms (cache revalidated)
npm http fetch GET 200 https://registry.npmjs.org/loose-envify 91ms (cache revalidated)
npm http fetch GET 200 https://registry.npmjs.org/react-is 352ms (cache updated)
npm http fetch GET 200 https://registry.npmjs.org/easy-stack 56ms (cache revalidated)
npm http fetch GET 200 https://registry.npmjs.org/yocto-queue 58ms (cache revalidated)
npm http fetch GET 200 https://registry.npmjs.org/clean-stack 53ms (cache revalidated)
npm http fetch GET 200 https://registry.npmjs.org/indent-string 80ms (cache revalidated)
npm http fetch GET 200 https://registry.npmjs.org/js-tokens 51ms (cache revalidated)
npm http fetch GET 200 https://registry.npmjs.org/from 71ms (cache revalidated)
npm http fetch GET 200 https://registry.npmjs.org/split 66ms (cache revalidated)
npm http fetch GET 200 https://registry.npmjs.org/stream-combiner 66ms (cache revalidated)
npm http fetch GET 200 https://registry.npmjs.org/pause-stream 69ms (cache revalidated)
npm http fetch GET 200 https://registry.npmjs.org/map-stream 75ms (cache revalidated)
npm http fetch GET 200 https://registry.npmjs.org/duplexer 85ms (cache revalidated)
npm http fetch GET 200 https://registry.npmjs.org/es-errors 51ms (cache revalidated)
npm http fetch GET 200 https://registry.npmjs.org/get-intrinsic 56ms (cache revalidated)
npm http fetch GET 200 https://registry.npmjs.org/object-inspect 57ms (cache revalidated)
npm http fetch GET 200 https://registry.npmjs.org/call-bind 61ms (cache revalidated)
npm http fetch GET 200 https://registry.npmjs.org/har-schema 53ms (cache revalidated)
npm http fetch GET 200 https://registry.npmjs.org/json-schema-traverse 56ms (cache revalidated)
npm http fetch GET 200 https://registry.npmjs.org/fast-deep-equal 61ms (cache revalidated)
npm http fetch GET 200 https://registry.npmjs.org/uri-js 68ms (cache revalidated)
npm http fetch GET 200 https://registry.npmjs.org/fast-json-stable-stringify 65ms (cache revalidated)
npm http fetch GET 200 https://registry.npmjs.org/hasown 67ms (cache revalidated)
npm http fetch GET 200 https://registry.npmjs.org/function-bind 80ms (cache revalidated)
npm http fetch GET 200 https://registry.npmjs.org/has-proto 78ms (cache revalidated)
npm http fetch GET 200 https://registry.npmjs.org/set-function-length 79ms (cache revalidated)
npm http fetch GET 200 https://registry.npmjs.org/es-define-property 85ms (cache revalidated)
npm http fetch GET 200 https://registry.npmjs.org/has-symbols 663ms (cache revalidated)
npm http fetch GET 200 https://registry.npmjs.org/gopd 47ms (cache revalidated)
npm http fetch GET 200 https://registry.npmjs.org/has-property-descriptors 57ms (cache revalidated)
npm http fetch GET 200 https://registry.npmjs.org/define-data-property 66ms (cache revalidated)
npm http fetch GET 200 https://registry.npmjs.org/requires-port 56ms (cache revalidated)
npm http fetch GET 200 https://registry.npmjs.org/querystringify 57ms (cache revalidated)
npm http fetch GET 200 https://registry.npmjs.org/dot-prop 69ms (cache revalidated)
npm http fetch GET 200 https://registry.npmjs.org/ansi-align 79ms (cache revalidated)
npm http fetch GET 200 https://registry.npmjs.org/widest-line 85ms (cache revalidated)
npm http fetch GET 200 https://registry.npmjs.org/unique-string 84ms (cache revalidated)
npm http fetch GET 200 https://registry.npmjs.org/cli-boxes 89ms (cache revalidated)
npm http fetch GET 200 https://registry.npmjs.org/write-file-atomic 83ms (cache revalidated)
npm http fetch GET 200 https://registry.npmjs.org/escape-goat 82ms (cache revalidated)
npm http fetch GET 200 https://registry.npmjs.org/package-json 83ms (cache revalidated)
npm http fetch GET 200 https://registry.npmjs.org/eastasianwidth 51ms (cache revalidated)
npm http fetch GET 200 https://registry.npmjs.org/typedarray-to-buffer 53ms (cache revalidated)
npm http fetch GET 200 https://registry.npmjs.org/crypto-random-string 62ms (cache revalidated)
npm http fetch GET 200 https://registry.npmjs.org/is-obj 63ms (cache revalidated)
npm http fetch GET 200 https://registry.npmjs.org/imurmurhash 63ms (cache revalidated)
npm http fetch GET 200 https://registry.npmjs.org/registry-url 57ms (cache revalidated)
npm http fetch GET 200 https://registry.npmjs.org/registry-auth-token 58ms (cache revalidated)
npm http fetch GET 200 https://registry.npmjs.org/got 62ms (cache revalidated)
npm http fetch GET 200 https://registry.npmjs.org/lowercase-keys 77ms (cache revalidated)
npm http fetch GET 200 https://registry.npmjs.org/http2-wrapper 78ms (cache revalidated)
npm http fetch GET 200 https://registry.npmjs.org/cacheable-request 78ms (cache revalidated)
npm http fetch GET 200 https://registry.npmjs.org/p-cancelable 84ms (cache revalidated)
npm http fetch GET 200 https://registry.npmjs.org/cacheable-lookup 86ms (cache revalidated)
npm http fetch GET 200 https://registry.npmjs.org/decompress-response 84ms (cache revalidated)
npm http fetch GET 200 https://registry.npmjs.org/responselike 93ms (cache revalidated)
npm http fetch GET 200 https://registry.npmjs.org/form-data-encoder 90ms (cache revalidated)
npm http fetch GET 200 https://registry.npmjs.org/rc 89ms (cache revalidated)
npm http fetch GET 200 https://registry.npmjs.org/@sindresorhus%2fis 103ms (cache revalidated)
npm http fetch GET 200 https://registry.npmjs.org/@szmarczak%2fhttp-timer 106ms (cache revalidated)
npm http fetch GET 200 https://registry.npmjs.org/@pnpm%2fnpm-conf 916ms (cache revalidated)
npm http fetch GET 200 https://registry.npmjs.org/normalize-url 61ms (cache revalidated)
npm http fetch GET 200 https://registry.npmjs.org/defer-to-connect 64ms (cache revalidated)
npm http fetch GET 200 https://registry.npmjs.org/http-cache-semantics 64ms (cache revalidated)
npm http fetch GET 200 https://registry.npmjs.org/quick-lru 65ms (cache revalidated)
npm http fetch GET 200 https://registry.npmjs.org/mimic-response 67ms (cache revalidated)
npm http fetch GET 200 https://registry.npmjs.org/@types%2fhttp-cache-semantics 73ms (cache revalidated)
npm http fetch GET 200 https://registry.npmjs.org/mimic-response 74ms (cache revalidated)
npm http fetch GET 200 https://registry.npmjs.org/keyv 75ms (cache revalidated)
npm http fetch GET 200 https://registry.npmjs.org/resolve-alpn 619ms (cache revalidated)
npm http fetch GET 200 https://registry.npmjs.org/json-buffer 47ms (cache revalidated)
npm http fetch GET 200 https://registry.npmjs.org/config-chain 56ms (cache revalidated)
npm http fetch GET 200 https://registry.npmjs.org/@pnpm%2fnetwork.ca-file 129ms (cache revalidated)
npm http fetch GET 200 https://registry.npmjs.org/@pnpm%2fconfig.env-replace 174ms (cache revalidated)
npm http fetch GET 200 https://registry.npmjs.org/proto-list 49ms (cache revalidated)
npm http fetch GET 200 https://registry.npmjs.org/deep-extend 48ms (cache revalidated)
npm http fetch GET 200 https://registry.npmjs.org/pend 51ms (cache revalidated)
npm http fetch GET 200 https://registry.npmjs.org/crc32-stream 50ms (cache revalidated)
npm http fetch GET 200 https://registry.npmjs.org/crc-32 55ms (cache revalidated)
npm http fetch GET 200 https://registry.npmjs.org/buffer-alloc-unsafe 48ms (cache revalidated)
npm http fetch GET 200 https://registry.npmjs.org/buffer-fill 58ms (cache revalidated)
npm http fetch GET 200 https://registry.npmjs.org/p-try 59ms (cache revalidated)
npm verb reify failed optional dependency C:\Users\Thiag\OneDrive\Área de Trabalho\atividade pos\tmpBstackPackages\node_modules\fsevents
npm http fetch POST 200 https://registry.npmjs.org/-/npm/v1/security/advisories/bulk 1034ms
npm WARN deprecated inflight@1.0.6: This module is not supported, and leaks memory. Do not use it. Check out lru-cache if you want a good and tested way to coalesce async requests by a key value, which is much more comprehensive and powerful.
npm WARN deprecated rimraf@2.5.4: Rimraf versions prior to v4 are no longer supported
npm WARN deprecated har-validator@5.1.5: this library is no longer supported
npm WARN deprecated glob@7.2.3: Glob versions prior to v9 are no longer supported
npm WARN deprecated glob@8.1.0: Glob versions prior to v9 are no longer supported
npm WARN deprecated uuid@3.4.0: Please upgrade  to version 7 or higher.  Older versions may use Math.random() in certain circumstances, which is known to be problematic.  See https://v8.dev/blog/math-random for details.
npm WARN deprecated request@2.88.2: request has been deprecated, see https://github.com/request/request/issues/3142
npm info run cypress@13.13.3 postinstall node_modules/cypress node index.js --exec install
npm info run cypress@13.13.3 postinstall { code: 0, signal: null }

added 501 packages, and audited 502 packages in 31s

96 packages are looking for funding
  run `npm fund` for details

3 moderate severity vulnerabilities

To address all issues (including breaking changes), run:
  npm audit fix --force

Run `npm audit` for details.
npm verb exit 0
npm info ok 
